app/build/outputs/logs/manifest-merger-debug-report.txt
-- Merging decision tree log ---
manifest
ADDED from src\main\AndroidManifest.xml:2:1-193:12
INJECTED from src\main\AndroidManifest.xml:2:1-193:12
INJECTED from src\main\AndroidManifest.xml:2:1-193:12
INJECTED from src\main\AndroidManifest.xml:2:1-193:12
INJECTED from src\main\AndroidManifest.xml:2:1-193:12
INJECTED from src\main\AndroidManifest.xml:2:1-193:12
INJECTED from src\main\AndroidManifest.xml:2:1-193:12
	package
		ADDED from src\main\AndroidManifest.xml:3:5-28
		INJECTED from src\main\AndroidManifest.xml
		INJECTED from src\main\AndroidManifest.xml
	android:versionName
		ADDED from src\main\AndroidManifest.xml:5:5-30
		INJECTED from src\main\AndroidManifest.xml
		INJECTED from src\main\AndroidManifest.xml
	xmlns:android
		ADDED from src\main\AndroidManifest.xml:2:11-69
	android:versionCode
		ADDED from src\main\AndroidManifest.xml:4:5-28
		INJECTED from src\main\AndroidManifest.xml
		INJECTED from src\main\AndroidManifest.xml
uses-permission#android.permission.SYSTEM_ALERT_WINDOW
ADDED from src\main\AndroidManifest.xml:6:5-78
	android:name
		ADDED from src\main\AndroidManifest.xml:6:22-75
uses-sdk
ADDED from src\main\AndroidManifest.xml:7:5-10:41
INJECTED from src\main\AndroidManifest.xml:7:5-10:41
INJECTED from src\main\AndroidManifest.xml:7:5-10:41
INJECTED from src\main\AndroidManifest.xml:7:5-10:41
INJECTED from src\main\AndroidManifest.xml:7:5-10:41
	android:maxSdkVersion
		ADDED from src\main\AndroidManifest.xml:9:9-35
	android:targetSdkVersion
		ADDED from src\main\AndroidManifest.xml:10:9-38
		INJECTED from src\main\AndroidManifest.xml
		INJECTED from src\main\AndroidManifest.xml
	android:minSdkVersion
		ADDED from src\main\AndroidManifest.xml:8:9-34
		INJECTED from src\main\AndroidManifest.xml
		INJECTED from src\main\AndroidManifest.xml
application
ADDED from src\main\AndroidManifest.xml:12:5-191:19
	android:icon
		ADDED from src\main\AndroidManifest.xml:13:9-45
	android:theme
		ADDED from src\main\AndroidManifest.xml:14:9-41
activity#app.HealthFit.SplashScreen
ADDED from src\main\AndroidManifest.xml:15:9-23:20
	android:label
		ADDED from src\main\AndroidManifest.xml:17:13-45
	android:name
		ADDED from src\main\AndroidManifest.xml:16:13-54
intent-filter#action:name:android.intent.action.MAIN+category:name:android.intent.category.LAUNCHER
ADDED from src\main\AndroidManifest.xml:18:13-22:29
action#android.intent.action.MAIN
ADDED from src\main\AndroidManifest.xml:19:17-69
	android:name
		ADDED from src\main\AndroidManifest.xml:19:25-66
category#android.intent.category.LAUNCHER
ADDED from src\main\AndroidManifest.xml:21:17-77
	android:name
		ADDED from src\main\AndroidManifest.xml:21:27-74
activity#app.HealthFit.MainActivity
ADDED from src\main\AndroidManifest.xml:24:9-27:20
	android:theme
		ADDED from src\main\AndroidManifest.xml:26:13-60
	android:name
		ADDED from src\main\AndroidManifest.xml:25:13-54
activity#app.HealthFit.Calories_ALL
ADDED from src\main\AndroidManifest.xml:28:11-31:20
	android:theme
		ADDED from src\main\AndroidManifest.xml:30:13-60
	android:name
		ADDED from src\main\AndroidManifest.xml:29:13-54
activity#app.HealthFit.Select_graph
ADDED from src\main\AndroidManifest.xml:32:14-35:20
	android:theme
		ADDED from src\main\AndroidManifest.xml:34:13-60
	android:name
		ADDED from src\main\AndroidManifest.xml:33:13-54
activity#app.HealthFit.Report
ADDED from src\main\AndroidManifest.xml:37:11-40:20
	android:theme
		ADDED from src\main\AndroidManifest.xml:39:13-60
	android:name
		ADDED from src\main\AndroidManifest.xml:38:13-48
activity#app.HealthFit.MainActivity_graph_view1
ADDED from src\main\AndroidManifest.xml:41:10-44:20
	android:theme
		ADDED from src\main\AndroidManifest.xml:43:13-60
	android:name
		ADDED from src\main\AndroidManifest.xml:42:13-66
activity#app.HealthFit.Update_Register
ADDED from src\main\AndroidManifest.xml:46:9-49:20
	android:theme
		ADDED from src\main\AndroidManifest.xml:48:13-60
	android:name
		ADDED from src\main\AndroidManifest.xml:47:13-57
activity#app.HealthFit.Calories_FOODRunDom
ADDED from src\main\AndroidManifest.xml:50:9-53:20
	android:theme
		ADDED from src\main\AndroidManifest.xml:52:13-60
	android:name
		ADDED from src\main\AndroidManifest.xml:51:13-61
activity#app.HealthFit.MainActivity_graph_view
ADDED from src\main\AndroidManifest.xml:56:13-59:20
	android:theme
		ADDED from src\main\AndroidManifest.xml:58:13-60
	android:name
		ADDED from src\main\AndroidManifest.xml:57:13-65
activity#app.HealthFit.Detail_Register
ADDED from src\main\AndroidManifest.xml:60:10-63:20
	android:theme
		ADDED from src\main\AndroidManifest.xml:62:13-60
	android:name
		ADDED from src\main\AndroidManifest.xml:61:13-57
activity#app.HealthFit.Burn_Excercise
ADDED from src\main\AndroidManifest.xml:65:10-68:20
	android:theme
		ADDED from src\main\AndroidManifest.xml:67:13-60
	android:name
		ADDED from src\main\AndroidManifest.xml:66:13-56
activity#app.HealthFit.Burn_All
ADDED from src\main\AndroidManifest.xml:69:11-72:20
	android:theme
		ADDED from src\main\AndroidManifest.xml:71:13-60
	android:name
		ADDED from src\main\AndroidManifest.xml:70:13-50
activity#app.HealthFit.TabHostMENU
ADDED from src\main\AndroidManifest.xml:74:9-77:20
	android:theme
		ADDED from src\main\AndroidManifest.xml:76:13-60
	android:name
		ADDED from src\main\AndroidManifest.xml:75:13-53
activity#app.HealthFit.TabHostDiary
ADDED from src\main\AndroidManifest.xml:78:9-81:20
	android:theme
		ADDED from src\main\AndroidManifest.xml:80:13-60
	android:name
		ADDED from src\main\AndroidManifest.xml:79:13-54
activity#app.HealthFit.BMI
ADDED from src\main\AndroidManifest.xml:83:9-86:20
	android:theme
		ADDED from src\main\AndroidManifest.xml:85:13-60
	android:name
		ADDED from src\main\AndroidManifest.xml:84:13-45
activity#app.HealthFit.BMR
ADDED from src\main\AndroidManifest.xml:87:9-90:20
	android:theme
		ADDED from src\main\AndroidManifest.xml:89:13-60
	android:name
		ADDED from src\main\AndroidManifest.xml:88:13-45
activity#app.HealthFit.Grapviwe_data
ADDED from src\main\AndroidManifest.xml:91:12-94:20
	android:theme
		ADDED from src\main\AndroidManifest.xml:93:13-60
	android:name
		ADDED from src\main\AndroidManifest.xml:92:13-55
activity#app.HealthFit.Calories_FOOD
ADDED from src\main\AndroidManifest.xml:96:9-99:20
	android:theme
		ADDED from src\main\AndroidManifest.xml:98:13-60
	android:name
		ADDED from src\main\AndroidManifest.xml:97:13-55
activity#app.HealthFit.TabHostADMIN
ADDED from src\main\AndroidManifest.xml:100:9-103:20
	android:theme
		ADDED from src\main\AndroidManifest.xml:102:13-60
	android:name
		ADDED from src\main\AndroidManifest.xml:101:13-54
activity#app.HealthFit.Login
ADDED from src\main\AndroidManifest.xml:104:9-107:20
	android:theme
		ADDED from src\main\AndroidManifest.xml:106:13-60
	android:name
		ADDED from src\main\AndroidManifest.xml:105:13-47
activity#app.HealthFit.Register
ADDED from src\main\AndroidManifest.xml:108:9-111:20
	android:theme
		ADDED from src\main\AndroidManifest.xml:110:13-60
	android:name
		ADDED from src\main\AndroidManifest.xml:109:13-50
activity#app.HealthFit.TabHostFOOD
ADDED from src\main\AndroidManifest.xml:112:9-115:20
	android:theme
		ADDED from src\main\AndroidManifest.xml:114:13-60
	android:name
		ADDED from src\main\AndroidManifest.xml:113:13-53
activity#app.HealthFit.Calories_TOTAL
ADDED from src\main\AndroidManifest.xml:116:9-119:20
	android:theme
		ADDED from src\main\AndroidManifest.xml:118:13-60
	android:name
		ADDED from src\main\AndroidManifest.xml:117:13-56
activity#app.HealthFit.Calories_SWEET
ADDED from src\main\AndroidManifest.xml:120:9-123:20
	android:theme
		ADDED from src\main\AndroidManifest.xml:122:13-60
	android:name
		ADDED from src\main\AndroidManifest.xml:121:13-56
activity#app.HealthFit.Calories_FRUIT
ADDED from src\main\AndroidManifest.xml:124:9-127:20
	android:theme
		ADDED from src\main\AndroidManifest.xml:126:13-60
	android:name
		ADDED from src\main\AndroidManifest.xml:125:13-56
activity#app.HealthFit.Calories_DRINK
ADDED from src\main\AndroidManifest.xml:128:9-131:20
	android:theme
		ADDED from src\main\AndroidManifest.xml:130:13-60
	android:name
		ADDED from src\main\AndroidManifest.xml:129:13-56
activity#app.HealthFit.Health_Tips
ADDED from src\main\AndroidManifest.xml:132:9-135:20
	android:theme
		ADDED from src\main\AndroidManifest.xml:134:13-60
	android:name
		ADDED from src\main\AndroidManifest.xml:133:13-53
activity#app.HealthFit.Health_Tips01
ADDED from src\main\AndroidManifest.xml:136:9-139:20
	android:theme
		ADDED from src\main\AndroidManifest.xml:138:13-60
	android:name
		ADDED from src\main\AndroidManifest.xml:137:13-55
activity#app.HealthFit.Health_Tips02
ADDED from src\main\AndroidManifest.xml:140:9-143:20
	android:theme
		ADDED from src\main\AndroidManifest.xml:142:13-60
	android:name
		ADDED from src\main\AndroidManifest.xml:141:13-55
activity#app.HealthFit.Health_Tips03
ADDED from src\main\AndroidManifest.xml:144:9-147:20
	android:theme
		ADDED from src\main\AndroidManifest.xml:146:13-60
	android:name
		ADDED from src\main\AndroidManifest.xml:145:13-55
activity#app.HealthFit.Health_Tips04
ADDED from src\main\AndroidManifest.xml:148:9-151:20
	android:theme
		ADDED from src\main\AndroidManifest.xml:150:13-60
	android:name
		ADDED from src\main\AndroidManifest.xml:149:13-55
activity#app.HealthFit.Health_Detail1
ADDED from src\main\AndroidManifest.xml:152:9-155:20
	android:theme
		ADDED from src\main\AndroidManifest.xml:154:13-60
	android:name
		ADDED from src\main\AndroidManifest.xml:153:13-56
activity#app.HealthFit.Health_Detail2
ADDED from src\main\AndroidManifest.xml:157:9-160:20
	android:theme
		ADDED from src\main\AndroidManifest.xml:159:13-60
	android:name
		ADDED from src\main\AndroidManifest.xml:158:13-56
activity#app.HealthFit.Health_Detail3
ADDED from src\main\AndroidManifest.xml:161:8-164:20
	android:theme
		ADDED from src\main\AndroidManifest.xml:163:13-60
	android:name
		ADDED from src\main\AndroidManifest.xml:162:13-56
activity#app.HealthFit.Health_Detail4
ADDED from src\main\AndroidManifest.xml:165:9-168:20
	android:theme
		ADDED from src\main\AndroidManifest.xml:167:13-60
	android:name
		ADDED from src\main\AndroidManifest.xml:166:13-56
activity#app.HealthFit.TabHostEXERCISE
ADDED from src\main\AndroidManifest.xml:170:9-173:20
	android:theme
		ADDED from src\main\AndroidManifest.xml:172:13-60
	android:name
		ADDED from src\main\AndroidManifest.xml:171:13-57
activity#app.HealthFit.Burn_Activity
ADDED from src\main\AndroidManifest.xml:174:9-177:20
	android:theme
		ADDED from src\main\AndroidManifest.xml:176:13-60
	android:name
		ADDED from src\main\AndroidManifest.xml:175:13-55
activity#app.HealthFit.Burn_TOTAL
ADDED from src\main\AndroidManifest.xml:178:9-181:20
	android:theme
		ADDED from src\main\AndroidManifest.xml:180:13-60
	android:name
		ADDED from src\main\AndroidManifest.xml:179:13-52
activity#app.HealthFit.Weight
ADDED from src\main\AndroidManifest.xml:182:9-185:20
	android:theme
		ADDED from src\main\AndroidManifest.xml:184:13-60
	android:name
		ADDED from src\main\AndroidManifest.xml:183:13-48
activity#app.HealthFit.Burn_ALL
ADDED from src\main\AndroidManifest.xml:187:9-190:20
	android:theme
		ADDED from src\main\AndroidManifest.xml:189:13-60
	android:name
		ADDED from src\main\AndroidManifest.xml:188:13-50